<?xml version="1.0" encoding="UTF-8"?>
<!-- Generated by org.testng.reporters.JUnitXMLReporter -->
<testsuite hostname="AlienWareZ" ignored="0" name="Default test" tests="6" failures="0" timestamp="2020-07-17T16:06:15 IST" time="36.485" errors="0">
  <testcase name="gotoWebsite" time="7.946" classname="com.project.SeleniumProject"/>
  <testcase name="register" time="8.839" classname="com.project.SeleniumProject"/>
  <testcase name="failedLogin" time="7.231" classname="com.project.SeleniumProject"/>
  <testcase name="login" time="3.535" classname="com.project.SeleniumProject"/>
  <testcase name="searchFail" time="1.555" classname="com.project.SeleniumProject"/>
  <testcase name="searchAndAddToCart" time="7.346" classname="com.project.SeleniumProject"/>
</testsuite> <!-- Default test -->
