<?xml version="1.0" encoding="UTF-8"?>
<testng-results skipped="0" failed="0" ignored="1" total="3" passed="2">
  <reporter-output>
  </reporter-output>
  <suite name="Default suite" duration-ms="17396" started-at="2020-07-17T02:21:31 IST" finished-at="2020-07-17T02:21:48 IST">
    <groups>
    </groups>
    <test name="Default test" duration-ms="17396" started-at="2020-07-17T02:21:31 IST" finished-at="2020-07-17T02:21:48 IST">
      <class name="com.project.SeleniumProject">
        <test-method status="PASS" signature="setupDriver()[pri:0, instance:com.project.SeleniumProject@3cef309d]" name="setupDriver" is-config="true" duration-ms="5673" started-at="2020-07-17T02:21:31 IST" finished-at="2020-07-17T02:21:37 IST">
          <reporter-output>
          </reporter-output>
        </test-method> <!-- setupDriver -->
        <test-method status="PASS" signature="login()[pri:0, instance:com.project.SeleniumProject@3cef309d]" name="login" duration-ms="6" started-at="2020-07-17T02:21:37 IST" finished-at="2020-07-17T02:21:37 IST">
          <reporter-output>
          </reporter-output>
        </test-method> <!-- login -->
        <test-method status="PASS" signature="register()[pri:0, instance:com.project.SeleniumProject@3cef309d]" name="register" duration-ms="11670" started-at="2020-07-17T02:21:37 IST" finished-at="2020-07-17T02:21:48 IST">
          <reporter-output>
          </reporter-output>
        </test-method> <!-- register -->
      </class> <!-- com.project.SeleniumProject -->
    </test> <!-- Default test -->
  </suite> <!-- Default suite -->
</testng-results>
