<?xml version="1.0" encoding="UTF-8"?>
<testng-results skipped="0" failed="0" ignored="0" total="6" passed="6">
  <reporter-output>
  </reporter-output>
  <suite name="Default suite" duration-ms="36485" started-at="2020-07-17T16:05:38 IST" finished-at="2020-07-17T16:06:15 IST">
    <groups>
    </groups>
    <test name="Default test" duration-ms="36485" started-at="2020-07-17T16:05:38 IST" finished-at="2020-07-17T16:06:15 IST">
      <class name="com.project.SeleniumProject">
        <test-method status="PASS" signature="setupDriver()[pri:0, instance:com.project.SeleniumProject@32709393]" name="setupDriver" is-config="true" duration-ms="17811" started-at="2020-07-17T16:05:21 IST" finished-at="2020-07-17T16:05:38 IST">
          <reporter-output>
          </reporter-output>
        </test-method> <!-- setupDriver -->
        <test-method status="PASS" signature="gotoWebsite()[pri:0, instance:com.project.SeleniumProject@32709393]" name="gotoWebsite" duration-ms="7946" started-at="2020-07-17T16:05:38 IST" finished-at="2020-07-17T16:05:46 IST">
          <reporter-output>
          </reporter-output>
        </test-method> <!-- gotoWebsite -->
        <test-method status="PASS" signature="register()[pri:1, instance:com.project.SeleniumProject@32709393]" name="register" duration-ms="8839" started-at="2020-07-17T16:05:46 IST" finished-at="2020-07-17T16:05:55 IST">
          <reporter-output>
          </reporter-output>
        </test-method> <!-- register -->
        <test-method status="PASS" signature="failedLogin()[pri:2, instance:com.project.SeleniumProject@32709393]" name="failedLogin" duration-ms="7231" started-at="2020-07-17T16:05:55 IST" finished-at="2020-07-17T16:06:03 IST">
          <reporter-output>
          </reporter-output>
        </test-method> <!-- failedLogin -->
        <test-method status="PASS" signature="login()[pri:3, instance:com.project.SeleniumProject@32709393]" name="login" duration-ms="3535" started-at="2020-07-17T16:06:03 IST" finished-at="2020-07-17T16:06:06 IST">
          <reporter-output>
          </reporter-output>
        </test-method> <!-- login -->
        <test-method status="PASS" signature="searchFail()[pri:4, instance:com.project.SeleniumProject@32709393]" name="searchFail" duration-ms="1555" started-at="2020-07-17T16:06:06 IST" finished-at="2020-07-17T16:06:08 IST">
          <reporter-output>
          </reporter-output>
        </test-method> <!-- searchFail -->
        <test-method status="PASS" signature="searchAndAddToCart()[pri:5, instance:com.project.SeleniumProject@32709393]" name="searchAndAddToCart" duration-ms="7346" started-at="2020-07-17T16:06:08 IST" finished-at="2020-07-17T16:06:15 IST">
          <reporter-output>
          </reporter-output>
        </test-method> <!-- searchAndAddToCart -->
        <test-method status="PASS" signature="cleanupDriver()[pri:0, instance:com.project.SeleniumProject@32709393]" name="cleanupDriver" is-config="true" duration-ms="2566" started-at="2020-07-17T16:06:15 IST" finished-at="2020-07-17T16:06:18 IST">
          <reporter-output>
          </reporter-output>
        </test-method> <!-- cleanupDriver -->
      </class> <!-- com.project.SeleniumProject -->
    </test> <!-- Default test -->
  </suite> <!-- Default suite -->
</testng-results>
